Arguments: 
  /usr/local/bin/node /usr/local/bin/yarn add bootstrap-vue

PATH: 
  /usr/local/bin:/usr/bin:/bin:/usr/sbin:/sbin:/Applications/Wireshark.app/Contents/MacOS

Yarn version: 
  1.6.0

Node version: 
  9.9.0

Platform: 
  darwin x64

Trace: 
  Error: https://registry.yarnpkg.com/bootstrap-vue: ETIMEDOUT
      at Timeout._onTimeout (/usr/local/lib/node_modules/yarn/lib/cli.js:133819:19)
      at ontimeout (timers.js:466:11)
      at tryOnTimeout (timers.js:304:5)
      at Timer.listOnTimeout (timers.js:267:5)

npm manifest: 
  No manifest

yarn manifest: 
  No manifest

Lockfile: 
  No lockfile
